<?xml version="1.0" encoding="UTF-8"?>
<testng-results ignored="0" total="1" passed="1" failed="0" skipped="0">
  <reporter-output>
  </reporter-output>
  <suite started-at="2021-11-09T12:57:06 IST" name="Default suite" finished-at="2021-11-09T12:57:30 IST" duration-ms="23849">
    <groups>
      <group name="cucumber">
        <method signature="AbstractTestNGCucumberTests.runScenario(io.cucumber.testng.PickleWrapper, io.cucumber.testng.FeatureWrapper)[pri:0, instance:com.mindtree.Runner.BookRunner@ea6147e]" name="runScenario" class="io.cucumber.testng.AbstractTestNGCucumberTests"/>
      </group> <!-- cucumber -->
    </groups>
    <test started-at="2021-11-09T12:57:06 IST" name="Default test" finished-at="2021-11-09T12:57:30 IST" duration-ms="23849">
      <class name="com.mindtree.Runner.BookRunner">
        <test-method is-config="true" signature="setUpClass(org.testng.ITestContext)[pri:0, instance:com.mindtree.Runner.BookRunner@ea6147e]" started-at="2021-11-09T12:57:06 IST" name="setUpClass" finished-at="2021-11-09T12:57:07 IST" duration-ms="342" status="PASS">
          <params>
            <param index="0">
              <value>
                <![CDATA[org.testng.TestRunner@50756c76]]>
              </value>
            </param>
          </params>
          <reporter-output>
          </reporter-output>
        </test-method> <!-- setUpClass -->
        <test-method signature="runScenario(io.cucumber.testng.PickleWrapper, io.cucumber.testng.FeatureWrapper)[pri:0, instance:com.mindtree.Runner.BookRunner@ea6147e]" started-at="2021-11-09T12:57:07 IST" name="runScenario" description="Runs Cucumber Scenarios" data-provider="scenarios" finished-at="2021-11-09T12:57:30 IST" duration-ms="23451" status="PASS">
          <params>
            <param index="0">
              <value>
                <![CDATA["Check The products Available"]]>
              </value>
            </param>
            <param index="1">
              <value>
                <![CDATA["Optional[Tide Site Automate]"]]>
              </value>
            </param>
          </params>
          <reporter-output>
          </reporter-output>
        </test-method> <!-- runScenario -->
        <test-method is-config="true" signature="tearDownClass()[pri:0, instance:com.mindtree.Runner.BookRunner@ea6147e]" started-at="2021-11-09T12:57:30 IST" name="tearDownClass" finished-at="2021-11-09T12:57:30 IST" duration-ms="4" status="PASS">
          <reporter-output>
          </reporter-output>
        </test-method> <!-- tearDownClass -->
      </class> <!-- com.mindtree.Runner.BookRunner -->
    </test> <!-- Default test -->
  </suite> <!-- Default suite -->
</testng-results>
